Flutter crash report.
Please report a bug at https://github.com/flutter/flutter/issues.

## command

flutter --quiet assemble --depfile C:\Users\Asus\Downloads\promofeed\PromoFeed\build\app\intermediates\flutter\debug/flutter_build.d --output C:\Users\Asus\Downloads\promofeed\PromoFeed\build\app\intermediates\flutter\debug -dTargetFile=C:\Users\Asus\Downloads\promofeed\PromoFeed\lib\main.dart -dTargetPlatform=android -dBuildMode=debug -dTrackWidgetCreation=true --DartDefines=flutter.inspector.structuredErrors%3Dtrue debug_android_application

## exception

FileSystemException: FileSystemException: Cannot delete file, path = 'C:\Users\Asus\Downloads\promofeed\PromoFeed\.dart_tool\flutter_build\ec75e5fe3ddf1082e2c7aeafe19d983a\kernel_snapshot.stamp' (OS Error: Access is denied.
, errno = 5)

```
#0      _File.throwIfError (dart:io/file_impl.dart:635:7)
#1      _File._deleteSync (dart:io/file_impl.dart:298:5)
#2      FileSystemEntity.deleteSync (dart:io/file_system_entity.dart:455:47)
#3      ForwardingFileSystemEntity.deleteSync (package:file/src/forwarding/forwarding_file_system_entity.dart:72:16)
#4      Target.clearStamp (package:flutter_tools/src/build_system/build_system.dart:166:13)
#5      _BuildInstance._invokeInternal (package:flutter_tools/src/build_system/build_system.dart:832:19)
<asynchronous suspension>
#6      _BuildInstance.invokeTarget.<anonymous closure> (package:flutter_tools/src/build_system/build_system.dart:744:35)
#7      new Future.sync (dart:async/future.dart:223:31)
#8      AsyncMemoizer.runOnce (package:async/src/async_memoizer.dart:43:45)
#9      _BuildInstance.invokeTarget (package:flutter_tools/src/build_system/build_system.dart:744:21)
<asynchronous suspension>
<asynchronous suspension>
#10     FlutterBuildSystem.build (package:flutter_tools/src/build_system/build_system.dart:566:36)
#11     AssembleCommand.runCommand (package:flutter_tools/src/commands/assemble.dart:221:58)
#12     FlutterCommand.verifyThenRunCommand (package:flutter_tools/src/runner/flutter_command.dart:977:18)
<asynchronous suspension>
#13     FlutterCommand.run.<anonymous closure> (package:flutter_tools/src/runner/flutter_command.dart:836:33)
<asynchronous suspension>
#14     FlutterCommand.run.<anonymous closure> (package:flutter_tools/src/runner/flutter_command.dart)
#15     AppContext.run.<anonymous closure> (package:flutter_tools/src/base/context.dart:150:29)
#16     _rootRun (dart:async/zone.dart:1190:13)
#17     _CustomZone.run (dart:async/zone.dart:1093:19)
#18     _runZoned (dart:async/zone.dart:1630:10)
#19     runZoned (dart:async/zone.dart:1550:10)
#20     AppContext.run (package:flutter_tools/src/base/context.dart:149:18)
#21     FlutterCommand.run (package:flutter_tools/src/runner/flutter_command.dart:825:20)
#22     CommandRunner.runCommand (package:args/command_runner.dart:197:27)
#23     FlutterCommandRunner.runCommand.<anonymous closure> (package:flutter_tools/src/runner/flutter_command_runner.dart:335:21)
<asynchronous suspension>
#24     FlutterCommandRunner.runCommand.<anonymous closure> (package:flutter_tools/src/runner/flutter_command_runner.dart)
#25     AppContext.run.<anonymous closure> (package:flutter_tools/src/base/context.dart:150:29)
#26     _rootRun (dart:async/zone.dart:1190:13)
#27     _CustomZone.run (dart:async/zone.dart:1093:19)
#28     _runZoned (dart:async/zone.dart:1630:10)
#29     runZoned (dart:async/zone.dart:1550:10)
#30     AppContext.run (package:flutter_tools/src/base/context.dart:149:18)
#31     FlutterCommandRunner.runCommand (package:flutter_tools/src/runner/flutter_command_runner.dart:281:19)
<asynchronous suspension>
#32     CommandRunner.run.<anonymous closure> (package:args/command_runner.dart:112:25)
#33     new Future.sync (dart:async/future.dart:223:31)
#34     CommandRunner.run (package:args/command_runner.dart:112:14)
#35     FlutterCommandRunner.run (package:flutter_tools/src/runner/flutter_command_runner.dart:230:18)
#36     run.<anonymous closure>.<anonymous closure> (package:flutter_tools/runner.dart:63:22)
#37     _rootRun (dart:async/zone.dart:1190:13)
#38     _CustomZone.run (dart:async/zone.dart:1093:19)
#39     _runZoned (dart:async/zone.dart:1630:10)
#40     runZonedGuarded (dart:async/zone.dart:1618:12)
#41     runZoned (dart:async/zone.dart:1547:12)
#42     run.<anonymous closure> (package:flutter_tools/runner.dart:61:18)
<asynchronous suspension>
#43     run.<anonymous closure> (package:flutter_tools/runner.dart)
#44     runInContext.runnerWrapper (package:flutter_tools/src/context_runner.dart:67:18)
<asynchronous suspension>
#45     runInContext.runnerWrapper (package:flutter_tools/src/context_runner.dart)
#46     AppContext.run.<anonymous closure> (package:flutter_tools/src/base/context.dart:150:29)
#47     _rootRun (dart:async/zone.dart:1190:13)
#48     _CustomZone.run (dart:async/zone.dart:1093:19)
#49     _runZoned (dart:async/zone.dart:1630:10)
#50     runZoned (dart:async/zone.dart:1550:10)
#51     AppContext.run (package:flutter_tools/src/base/context.dart:149:18)
#52     runInContext (package:flutter_tools/src/context_runner.dart:70:24)
#53     run (package:flutter_tools/runner.dart:46:10)
#54     main (package:flutter_tools/executable.dart:77:9)
#55     main (file:///C:/src/flutter/flutter_windows_1.17.0-stable/flutter/packages/flutter_tools/bin/flutter_tools.dart:8:3)
#56     _startIsolate.<anonymous closure> (dart:isolate-patch/isolate_patch.dart:299:32)
#57     _RawReceivePortImpl._handleMessage (dart:isolate-patch/isolate_patch.dart:168:12)
```

## flutter doctor

```
[✓] Flutter (Channel stable, 1.22.2, on Microsoft Windows [Version 10.0.18363.959], locale en-US)
    • Flutter version 1.22.2 at C:\src\flutter\flutter_windows_1.17.0-stable\flutter
    • Framework revision 84f3d28555 (12 days ago), 2020-10-15 16:26:19 -0700
    • Engine revision b8752bbfff
    • Dart version 2.10.2

[✓] Android toolchain - develop for Android devices (Android SDK version 29.0.2)
    • Android SDK at C:\Users\Asus\AppData\Local\Android\sdk
    • Platform android-29, build-tools 29.0.2
    • Java binary at: C:\Program Files\Android\Android Studio\jre\bin\java
    • Java version OpenJDK Runtime Environment (build 1.8.0_242-release-1644-b01)
    • All Android licenses accepted.

[✓] Android Studio (version 4.0)
    • Android Studio at C:\Program Files\Android\Android Studio
    • Flutter plugin version 49.0.2
    • Dart plugin version 193.7547
    • Java version OpenJDK Runtime Environment (build 1.8.0_242-release-1644-b01)

[✓] VS Code (version 1.50.1)
    • VS Code at C:\Users\Asus\AppData\Local\Programs\Microsoft VS Code
    • Flutter extension version 3.15.1

[✓] Connected device (1 available)
    • Android SDK built for x86 (mobile) • emulator-5554 • android-x86 • Android 8.1.0 (API 27) (emulator)

• No issues found!
```
